INFO:     Uvicorn running on http://0.0.0.0:8000 (Press CTRL+C to quit)
INFO:     Started parent process [98953]
Process SpawnProcess-3:
Process SpawnProcess-2:
Process SpawnProcess-1:
Traceback (most recent call last):
Traceback (most recent call last):
  File "/Users/zhuyonghui/Downloads/AI视频/5-RAG技术与应用/fastapi_learning/10_deployment/venv/lib/python3.10/site-packages/sqlalchemy/engine/base.py", line 1967, in _exec_single_context
    self.dialect.do_execute(
  File "/Users/zhuyonghui/Downloads/AI视频/5-RAG技术与应用/fastapi_learning/10_deployment/venv/lib/python3.10/site-packages/sqlalchemy/engine/base.py", line 1967, in _exec_single_context
    self.dialect.do_execute(
  File "/Users/zhuyonghui/Downloads/AI视频/5-RAG技术与应用/fastapi_learning/10_deployment/venv/lib/python3.10/site-packages/sqlalchemy/engine/default.py", line 952, in do_execute
    cursor.execute(statement, parameters)
  File "/Users/zhuyonghui/Downloads/AI视频/5-RAG技术与应用/fastapi_learning/10_deployment/venv/lib/python3.10/site-packages/sqlalchemy/engine/default.py", line 952, in do_execute
    cursor.execute(statement, parameters)
sqlite3.OperationalError: table items already exists
Traceback (most recent call last):
sqlite3.OperationalError: table items already exists
  File "/Users/zhuyonghui/Downloads/AI视频/5-RAG技术与应用/fastapi_learning/10_deployment/venv/lib/python3.10/site-packages/sqlalchemy/engine/base.py", line 1967, in _exec_single_context
    self.dialect.do_execute(

The above exception was the direct cause of the following exception:

  File "/Users/zhuyonghui/Downloads/AI视频/5-RAG技术与应用/fastapi_learning/10_deployment/venv/lib/python3.10/site-packages/sqlalchemy/engine/default.py", line 952, in do_execute
    cursor.execute(statement, parameters)

The above exception was the direct cause of the following exception:

sqlite3.OperationalError: table items already exists
Traceback (most recent call last):
Traceback (most recent call last):

The above exception was the direct cause of the following exception:

Traceback (most recent call last):
  File "/Users/zhuyonghui/Downloads/AI视频/5-RAG技术与应用/.conda/lib/python3.10/multiprocessing/process.py", line 314, in _bootstrap
    self.run()
  File "/Users/zhuyonghui/Downloads/AI视频/5-RAG技术与应用/.conda/lib/python3.10/multiprocessing/process.py", line 108, in run
    self._target(*self._args, **self._kwargs)
  File "/Users/zhuyonghui/Downloads/AI视频/5-RAG技术与应用/fastapi_learning/10_deployment/venv/lib/python3.10/site-packages/uvicorn/_subprocess.py", line 80, in subprocess_started
    target(sockets=sockets)
  File "/Users/zhuyonghui/Downloads/AI视频/5-RAG技术与应用/fastapi_learning/10_deployment/venv/lib/python3.10/site-packages/uvicorn/supervisors/multiprocess.py", line 64, in target
    return self.real_target(sockets)
  File "/Users/zhuyonghui/Downloads/AI视频/5-RAG技术与应用/.conda/lib/python3.10/multiprocessing/process.py", line 314, in _bootstrap
    self.run()
  File "/Users/zhuyonghui/Downloads/AI视频/5-RAG技术与应用/fastapi_learning/10_deployment/venv/lib/python3.10/site-packages/uvicorn/server.py", line 67, in run
    return asyncio_run(self.serve(sockets=sockets), loop_factory=self.config.get_loop_factory())
  File "/Users/zhuyonghui/Downloads/AI视频/5-RAG技术与应用/.conda/lib/python3.10/multiprocessing/process.py", line 108, in run
    self._target(*self._args, **self._kwargs)
  File "/Users/zhuyonghui/Downloads/AI视频/5-RAG技术与应用/.conda/lib/python3.10/multiprocessing/process.py", line 314, in _bootstrap
    self.run()
  File "/Users/zhuyonghui/Downloads/AI视频/5-RAG技术与应用/fastapi_learning/10_deployment/venv/lib/python3.10/site-packages/uvicorn/_compat.py", line 60, in asyncio_run
    return loop.run_until_complete(main)
  File "/Users/zhuyonghui/Downloads/AI视频/5-RAG技术与应用/fastapi_learning/10_deployment/venv/lib/python3.10/site-packages/uvicorn/_subprocess.py", line 80, in subprocess_started
    target(sockets=sockets)
  File "/Users/zhuyonghui/Downloads/AI视频/5-RAG技术与应用/.conda/lib/python3.10/multiprocessing/process.py", line 108, in run
    self._target(*self._args, **self._kwargs)
  File "uvloop/loop.pyx", line 1518, in uvloop.loop.Loop.run_until_complete
  File "/Users/zhuyonghui/Downloads/AI视频/5-RAG技术与应用/fastapi_learning/10_deployment/venv/lib/python3.10/site-packages/uvicorn/_subprocess.py", line 80, in subprocess_started
    target(sockets=sockets)
  File "/Users/zhuyonghui/Downloads/AI视频/5-RAG技术与应用/fastapi_learning/10_deployment/venv/lib/python3.10/site-packages/uvicorn/supervisors/multiprocess.py", line 64, in target
    return self.real_target(sockets)
  File "/Users/zhuyonghui/Downloads/AI视频/5-RAG技术与应用/fastapi_learning/10_deployment/venv/lib/python3.10/site-packages/uvicorn/server.py", line 71, in serve
    await self._serve(sockets)
  File "/Users/zhuyonghui/Downloads/AI视频/5-RAG技术与应用/fastapi_learning/10_deployment/venv/lib/python3.10/site-packages/uvicorn/supervisors/multiprocess.py", line 64, in target
    return self.real_target(sockets)
  File "/Users/zhuyonghui/Downloads/AI视频/5-RAG技术与应用/fastapi_learning/10_deployment/venv/lib/python3.10/site-packages/uvicorn/server.py", line 78, in _serve
    config.load()
  File "/Users/zhuyonghui/Downloads/AI视频/5-RAG技术与应用/fastapi_learning/10_deployment/venv/lib/python3.10/site-packages/uvicorn/server.py", line 67, in run
    return asyncio_run(self.serve(sockets=sockets), loop_factory=self.config.get_loop_factory())
  File "/Users/zhuyonghui/Downloads/AI视频/5-RAG技术与应用/fastapi_learning/10_deployment/venv/lib/python3.10/site-packages/uvicorn/config.py", line 439, in load
    self.loaded_app = import_from_string(self.app)
  File "/Users/zhuyonghui/Downloads/AI视频/5-RAG技术与应用/fastapi_learning/10_deployment/venv/lib/python3.10/site-packages/uvicorn/importer.py", line 19, in import_from_string
    module = importlib.import_module(module_str)
  File "/Users/zhuyonghui/Downloads/AI视频/5-RAG技术与应用/fastapi_learning/10_deployment/venv/lib/python3.10/site-packages/uvicorn/_compat.py", line 60, in asyncio_run
    return loop.run_until_complete(main)
  File "/Users/zhuyonghui/Downloads/AI视频/5-RAG技术与应用/.conda/lib/python3.10/importlib/__init__.py", line 126, in import_module
    return _bootstrap._gcd_import(name[level:], package, level)
  File "/Users/zhuyonghui/Downloads/AI视频/5-RAG技术与应用/fastapi_learning/10_deployment/venv/lib/python3.10/site-packages/uvicorn/server.py", line 67, in run
    return asyncio_run(self.serve(sockets=sockets), loop_factory=self.config.get_loop_factory())
  File "uvloop/loop.pyx", line 1518, in uvloop.loop.Loop.run_until_complete
  File "/Users/zhuyonghui/Downloads/AI视频/5-RAG技术与应用/fastapi_learning/10_deployment/venv/lib/python3.10/site-packages/uvicorn/_compat.py", line 60, in asyncio_run
    return loop.run_until_complete(main)
  File "/Users/zhuyonghui/Downloads/AI视频/5-RAG技术与应用/fastapi_learning/10_deployment/venv/lib/python3.10/site-packages/uvicorn/server.py", line 71, in serve
    await self._serve(sockets)
  File "<frozen importlib._bootstrap>", line 1050, in _gcd_import
  File "uvloop/loop.pyx", line 1518, in uvloop.loop.Loop.run_until_complete
  File "/Users/zhuyonghui/Downloads/AI视频/5-RAG技术与应用/fastapi_learning/10_deployment/venv/lib/python3.10/site-packages/uvicorn/server.py", line 78, in _serve
    config.load()
  File "<frozen importlib._bootstrap>", line 1027, in _find_and_load
  File "/Users/zhuyonghui/Downloads/AI视频/5-RAG技术与应用/fastapi_learning/10_deployment/venv/lib/python3.10/site-packages/uvicorn/server.py", line 71, in serve
    await self._serve(sockets)
  File "/Users/zhuyonghui/Downloads/AI视频/5-RAG技术与应用/fastapi_learning/10_deployment/venv/lib/python3.10/site-packages/uvicorn/config.py", line 439, in load
    self.loaded_app = import_from_string(self.app)
  File "<frozen importlib._bootstrap>", line 1006, in _find_and_load_unlocked
  File "/Users/zhuyonghui/Downloads/AI视频/5-RAG技术与应用/fastapi_learning/10_deployment/venv/lib/python3.10/site-packages/uvicorn/importer.py", line 19, in import_from_string
    module = importlib.import_module(module_str)
  File "/Users/zhuyonghui/Downloads/AI视频/5-RAG技术与应用/fastapi_learning/10_deployment/venv/lib/python3.10/site-packages/uvicorn/server.py", line 78, in _serve
    config.load()
  File "/Users/zhuyonghui/Downloads/AI视频/5-RAG技术与应用/.conda/lib/python3.10/importlib/__init__.py", line 126, in import_module
    return _bootstrap._gcd_import(name[level:], package, level)
  File "<frozen importlib._bootstrap>", line 688, in _load_unlocked
  File "<frozen importlib._bootstrap>", line 1050, in _gcd_import
  File "<frozen importlib._bootstrap>", line 1027, in _find_and_load
  File "/Users/zhuyonghui/Downloads/AI视频/5-RAG技术与应用/fastapi_learning/10_deployment/venv/lib/python3.10/site-packages/uvicorn/config.py", line 439, in load
    self.loaded_app = import_from_string(self.app)
  File "<frozen importlib._bootstrap>", line 1006, in _find_and_load_unlocked
  File "<frozen importlib._bootstrap_external>", line 883, in exec_module
  File "/Users/zhuyonghui/Downloads/AI视频/5-RAG技术与应用/fastapi_learning/10_deployment/venv/lib/python3.10/site-packages/uvicorn/importer.py", line 19, in import_from_string
    module = importlib.import_module(module_str)
  File "<frozen importlib._bootstrap>", line 688, in _load_unlocked
  File "/Users/zhuyonghui/Downloads/AI视频/5-RAG技术与应用/.conda/lib/python3.10/importlib/__init__.py", line 126, in import_module
    return _bootstrap._gcd_import(name[level:], package, level)
  File "<frozen importlib._bootstrap>", line 241, in _call_with_frames_removed
  File "<frozen importlib._bootstrap>", line 1050, in _gcd_import
  File "/Users/zhuyonghui/Downloads/AI视频/5-RAG技术与应用/fastapi_learning/10_deployment/main.py", line 63, in <module>
    Base.metadata.create_all(bind=engine)
  File "<frozen importlib._bootstrap>", line 1027, in _find_and_load
  File "/Users/zhuyonghui/Downloads/AI视频/5-RAG技术与应用/fastapi_learning/10_deployment/venv/lib/python3.10/site-packages/sqlalchemy/sql/schema.py", line 5928, in create_all
    bind._run_ddl_visitor(
  File "<frozen importlib._bootstrap>", line 1006, in _find_and_load_unlocked
  File "<frozen importlib._bootstrap_external>", line 883, in exec_module
  File "/Users/zhuyonghui/Downloads/AI视频/5-RAG技术与应用/fastapi_learning/10_deployment/venv/lib/python3.10/site-packages/sqlalchemy/engine/base.py", line 3260, in _run_ddl_visitor
    conn._run_ddl_visitor(visitorcallable, element, **kwargs)
  File "<frozen importlib._bootstrap>", line 241, in _call_with_frames_removed
  File "<frozen importlib._bootstrap>", line 688, in _load_unlocked
  File "/Users/zhuyonghui/Downloads/AI视频/5-RAG技术与应用/fastapi_learning/10_deployment/venv/lib/python3.10/site-packages/sqlalchemy/engine/base.py", line 2467, in _run_ddl_visitor
    ).traverse_single(element)
  File "/Users/zhuyonghui/Downloads/AI视频/5-RAG技术与应用/fastapi_learning/10_deployment/main.py", line 63, in <module>
    Base.metadata.create_all(bind=engine)
  File "/Users/zhuyonghui/Downloads/AI视频/5-RAG技术与应用/fastapi_learning/10_deployment/venv/lib/python3.10/site-packages/sqlalchemy/sql/visitors.py", line 661, in traverse_single
    return meth(obj, **kw)
  File "/Users/zhuyonghui/Downloads/AI视频/5-RAG技术与应用/fastapi_learning/10_deployment/venv/lib/python3.10/site-packages/sqlalchemy/sql/schema.py", line 5928, in create_all
    bind._run_ddl_visitor(
  File "<frozen importlib._bootstrap_external>", line 883, in exec_module
  File "/Users/zhuyonghui/Downloads/AI视频/5-RAG技术与应用/fastapi_learning/10_deployment/venv/lib/python3.10/site-packages/sqlalchemy/sql/ddl.py", line 984, in visit_metadata
    self.traverse_single(
  File "<frozen importlib._bootstrap>", line 241, in _call_with_frames_removed
  File "/Users/zhuyonghui/Downloads/AI视频/5-RAG技术与应用/fastapi_learning/10_deployment/venv/lib/python3.10/site-packages/sqlalchemy/engine/base.py", line 3260, in _run_ddl_visitor
    conn._run_ddl_visitor(visitorcallable, element, **kwargs)
  File "/Users/zhuyonghui/Downloads/AI视频/5-RAG技术与应用/fastapi_learning/10_deployment/venv/lib/python3.10/site-packages/sqlalchemy/sql/visitors.py", line 661, in traverse_single
    return meth(obj, **kw)
  File "/Users/zhuyonghui/Downloads/AI视频/5-RAG技术与应用/fastapi_learning/10_deployment/venv/lib/python3.10/site-packages/sqlalchemy/engine/base.py", line 2467, in _run_ddl_visitor
    ).traverse_single(element)
  File "/Users/zhuyonghui/Downloads/AI视频/5-RAG技术与应用/fastapi_learning/10_deployment/venv/lib/python3.10/site-packages/sqlalchemy/sql/ddl.py", line 1022, in visit_table
    )._invoke_with(self.connection)
  File "/Users/zhuyonghui/Downloads/AI视频/5-RAG技术与应用/fastapi_learning/10_deployment/venv/lib/python3.10/site-packages/sqlalchemy/sql/ddl.py", line 321, in _invoke_with
    return bind.execute(self)
  File "/Users/zhuyonghui/Downloads/AI视频/5-RAG技术与应用/fastapi_learning/10_deployment/main.py", line 63, in <module>
    Base.metadata.create_all(bind=engine)
  File "/Users/zhuyonghui/Downloads/AI视频/5-RAG技术与应用/fastapi_learning/10_deployment/venv/lib/python3.10/site-packages/sqlalchemy/sql/visitors.py", line 661, in traverse_single
    return meth(obj, **kw)
  File "/Users/zhuyonghui/Downloads/AI视频/5-RAG技术与应用/fastapi_learning/10_deployment/venv/lib/python3.10/site-packages/sqlalchemy/engine/base.py", line 1419, in execute
    return meth(
  File "/Users/zhuyonghui/Downloads/AI视频/5-RAG技术与应用/fastapi_learning/10_deployment/venv/lib/python3.10/site-packages/sqlalchemy/sql/schema.py", line 5928, in create_all
    bind._run_ddl_visitor(
  File "/Users/zhuyonghui/Downloads/AI视频/5-RAG技术与应用/fastapi_learning/10_deployment/venv/lib/python3.10/site-packages/sqlalchemy/sql/ddl.py", line 984, in visit_metadata
    self.traverse_single(
  File "/Users/zhuyonghui/Downloads/AI视频/5-RAG技术与应用/fastapi_learning/10_deployment/venv/lib/python3.10/site-packages/sqlalchemy/sql/ddl.py", line 187, in _execute_on_connection
    return connection._execute_ddl(
  File "/Users/zhuyonghui/Downloads/AI视频/5-RAG技术与应用/fastapi_learning/10_deployment/venv/lib/python3.10/site-packages/sqlalchemy/sql/visitors.py", line 661, in traverse_single
    return meth(obj, **kw)
  File "/Users/zhuyonghui/Downloads/AI视频/5-RAG技术与应用/fastapi_learning/10_deployment/venv/lib/python3.10/site-packages/sqlalchemy/engine/base.py", line 3260, in _run_ddl_visitor
    conn._run_ddl_visitor(visitorcallable, element, **kwargs)
  File "/Users/zhuyonghui/Downloads/AI视频/5-RAG技术与应用/fastapi_learning/10_deployment/venv/lib/python3.10/site-packages/sqlalchemy/sql/ddl.py", line 1022, in visit_table
    )._invoke_with(self.connection)
  File "/Users/zhuyonghui/Downloads/AI视频/5-RAG技术与应用/fastapi_learning/10_deployment/venv/lib/python3.10/site-packages/sqlalchemy/engine/base.py", line 2467, in _run_ddl_visitor
    ).traverse_single(element)
  File "/Users/zhuyonghui/Downloads/AI视频/5-RAG技术与应用/fastapi_learning/10_deployment/venv/lib/python3.10/site-packages/sqlalchemy/sql/ddl.py", line 321, in _invoke_with
    return bind.execute(self)
  File "/Users/zhuyonghui/Downloads/AI视频/5-RAG技术与应用/fastapi_learning/10_deployment/venv/lib/python3.10/site-packages/sqlalchemy/sql/visitors.py", line 661, in traverse_single
    return meth(obj, **kw)
  File "/Users/zhuyonghui/Downloads/AI视频/5-RAG技术与应用/fastapi_learning/10_deployment/venv/lib/python3.10/site-packages/sqlalchemy/engine/base.py", line 1419, in execute
    return meth(
  File "/Users/zhuyonghui/Downloads/AI视频/5-RAG技术与应用/fastapi_learning/10_deployment/venv/lib/python3.10/site-packages/sqlalchemy/sql/ddl.py", line 984, in visit_metadata
    self.traverse_single(
  File "/Users/zhuyonghui/Downloads/AI视频/5-RAG技术与应用/fastapi_learning/10_deployment/venv/lib/python3.10/site-packages/sqlalchemy/sql/ddl.py", line 187, in _execute_on_connection
    return connection._execute_ddl(
  File "/Users/zhuyonghui/Downloads/AI视频/5-RAG技术与应用/fastapi_learning/10_deployment/venv/lib/python3.10/site-packages/sqlalchemy/engine/base.py", line 1530, in _execute_ddl
    ret = self._execute_context(
  File "/Users/zhuyonghui/Downloads/AI视频/5-RAG技术与应用/fastapi_learning/10_deployment/venv/lib/python3.10/site-packages/sqlalchemy/engine/base.py", line 1530, in _execute_ddl
    ret = self._execute_context(
  File "/Users/zhuyonghui/Downloads/AI视频/5-RAG技术与应用/fastapi_learning/10_deployment/venv/lib/python3.10/site-packages/sqlalchemy/engine/base.py", line 1846, in _execute_context
    return self._exec_single_context(
  File "/Users/zhuyonghui/Downloads/AI视频/5-RAG技术与应用/fastapi_learning/10_deployment/venv/lib/python3.10/site-packages/sqlalchemy/engine/base.py", line 1846, in _execute_context
    return self._exec_single_context(
  File "/Users/zhuyonghui/Downloads/AI视频/5-RAG技术与应用/fastapi_learning/10_deployment/venv/lib/python3.10/site-packages/sqlalchemy/engine/base.py", line 1986, in _exec_single_context
    self._handle_dbapi_exception(
  File "/Users/zhuyonghui/Downloads/AI视频/5-RAG技术与应用/fastapi_learning/10_deployment/venv/lib/python3.10/site-packages/sqlalchemy/engine/base.py", line 2363, in _handle_dbapi_exception
    raise sqlalchemy_exception.with_traceback(exc_info[2]) from e
  File "/Users/zhuyonghui/Downloads/AI视频/5-RAG技术与应用/fastapi_learning/10_deployment/venv/lib/python3.10/site-packages/sqlalchemy/sql/visitors.py", line 661, in traverse_single
    return meth(obj, **kw)
  File "/Users/zhuyonghui/Downloads/AI视频/5-RAG技术与应用/fastapi_learning/10_deployment/venv/lib/python3.10/site-packages/sqlalchemy/engine/base.py", line 1986, in _exec_single_context
    self._handle_dbapi_exception(
  File "/Users/zhuyonghui/Downloads/AI视频/5-RAG技术与应用/fastapi_learning/10_deployment/venv/lib/python3.10/site-packages/sqlalchemy/engine/base.py", line 1967, in _exec_single_context
    self.dialect.do_execute(
  File "/Users/zhuyonghui/Downloads/AI视频/5-RAG技术与应用/fastapi_learning/10_deployment/venv/lib/python3.10/site-packages/sqlalchemy/engine/base.py", line 2363, in _handle_dbapi_exception
    raise sqlalchemy_exception.with_traceback(exc_info[2]) from e
  File "/Users/zhuyonghui/Downloads/AI视频/5-RAG技术与应用/fastapi_learning/10_deployment/venv/lib/python3.10/site-packages/sqlalchemy/engine/default.py", line 952, in do_execute
    cursor.execute(statement, parameters)
  File "/Users/zhuyonghui/Downloads/AI视频/5-RAG技术与应用/fastapi_learning/10_deployment/venv/lib/python3.10/site-packages/sqlalchemy/sql/ddl.py", line 1022, in visit_table
    )._invoke_with(self.connection)
  File "/Users/zhuyonghui/Downloads/AI视频/5-RAG技术与应用/fastapi_learning/10_deployment/venv/lib/python3.10/site-packages/sqlalchemy/engine/base.py", line 1967, in _exec_single_context
    self.dialect.do_execute(
  File "/Users/zhuyonghui/Downloads/AI视频/5-RAG技术与应用/fastapi_learning/10_deployment/venv/lib/python3.10/site-packages/sqlalchemy/sql/ddl.py", line 321, in _invoke_with
    return bind.execute(self)
sqlalchemy.exc.OperationalError: (sqlite3.OperationalError) table items already exists
[SQL: 
CREATE TABLE items (
	id INTEGER NOT NULL, 
	name VARCHAR, 
	description VARCHAR, 
	price FLOAT, 
	category VARCHAR, 
	PRIMARY KEY (id)
)

]
(Background on this error at: https://sqlalche.me/e/20/e3q8)
  File "/Users/zhuyonghui/Downloads/AI视频/5-RAG技术与应用/fastapi_learning/10_deployment/venv/lib/python3.10/site-packages/sqlalchemy/engine/default.py", line 952, in do_execute
    cursor.execute(statement, parameters)
  File "/Users/zhuyonghui/Downloads/AI视频/5-RAG技术与应用/fastapi_learning/10_deployment/venv/lib/python3.10/site-packages/sqlalchemy/engine/base.py", line 1419, in execute
    return meth(
  File "/Users/zhuyonghui/Downloads/AI视频/5-RAG技术与应用/fastapi_learning/10_deployment/venv/lib/python3.10/site-packages/sqlalchemy/sql/ddl.py", line 187, in _execute_on_connection
    return connection._execute_ddl(
sqlalchemy.exc.OperationalError: (sqlite3.OperationalError) table items already exists
[SQL: 
CREATE TABLE items (
	id INTEGER NOT NULL, 
	name VARCHAR, 
	description VARCHAR, 
	price FLOAT, 
	category VARCHAR, 
	PRIMARY KEY (id)
)

]
(Background on this error at: https://sqlalche.me/e/20/e3q8)
  File "/Users/zhuyonghui/Downloads/AI视频/5-RAG技术与应用/fastapi_learning/10_deployment/venv/lib/python3.10/site-packages/sqlalchemy/engine/base.py", line 1530, in _execute_ddl
    ret = self._execute_context(
  File "/Users/zhuyonghui/Downloads/AI视频/5-RAG技术与应用/fastapi_learning/10_deployment/venv/lib/python3.10/site-packages/sqlalchemy/engine/base.py", line 1846, in _execute_context
    return self._exec_single_context(
  File "/Users/zhuyonghui/Downloads/AI视频/5-RAG技术与应用/fastapi_learning/10_deployment/venv/lib/python3.10/site-packages/sqlalchemy/engine/base.py", line 1986, in _exec_single_context
    self._handle_dbapi_exception(
  File "/Users/zhuyonghui/Downloads/AI视频/5-RAG技术与应用/fastapi_learning/10_deployment/venv/lib/python3.10/site-packages/sqlalchemy/engine/base.py", line 2363, in _handle_dbapi_exception
    raise sqlalchemy_exception.with_traceback(exc_info[2]) from e
  File "/Users/zhuyonghui/Downloads/AI视频/5-RAG技术与应用/fastapi_learning/10_deployment/venv/lib/python3.10/site-packages/sqlalchemy/engine/base.py", line 1967, in _exec_single_context
    self.dialect.do_execute(
  File "/Users/zhuyonghui/Downloads/AI视频/5-RAG技术与应用/fastapi_learning/10_deployment/venv/lib/python3.10/site-packages/sqlalchemy/engine/default.py", line 952, in do_execute
    cursor.execute(statement, parameters)
sqlalchemy.exc.OperationalError: (sqlite3.OperationalError) table items already exists
[SQL: 
CREATE TABLE items (
	id INTEGER NOT NULL, 
	name VARCHAR, 
	description VARCHAR, 
	price FLOAT, 
	category VARCHAR, 
	PRIMARY KEY (id)
)

]
(Background on this error at: https://sqlalche.me/e/20/e3q8)
INFO:     Started server process [99002]
INFO:     Waiting for application startup.
INFO:     Application startup complete.
INFO:     127.0.0.1:57855 - "GET /health HTTP/1.1" 200 OK
INFO:     Waiting for child process [98998]
INFO:     Child process [98998] died
INFO:     Waiting for child process [98999]
INFO:     Child process [98999] died
INFO:     Waiting for child process [99000]
INFO:     Child process [99000] died
INFO:     Started server process [99145]
INFO:     Waiting for application startup.
INFO:     Application startup complete.
INFO:     Started server process [99147]
INFO:     Waiting for application startup.
INFO:     Application startup complete.
INFO:     Started server process [99146]
INFO:     Waiting for application startup.
INFO:     Application startup complete.
INFO:     127.0.0.1:59199 - "GET /health HTTP/1.1" 200 OK
INFO:     Received SIGTERM, exiting.
INFO:     Terminated child process [99145]
INFO:     Terminated child process [99146]
INFO:     Terminated child process [99147]
INFO:     Terminated child process [99002]
INFO:     Waiting for child process [99145]
INFO:     Shutting down
INFO:     Shutting down
INFO:     Shutting down
INFO:     Shutting down
INFO:     Waiting for application shutdown.
INFO:     Application shutdown complete.
INFO:     Finished server process [99002]
INFO:     Waiting for application shutdown.
INFO:     Application shutdown complete.
INFO:     Finished server process [99145]
INFO:     Waiting for application shutdown.
INFO:     Application shutdown complete.
INFO:     Finished server process [99147]
INFO:     Waiting for application shutdown.
INFO:     Waiting for child process [99146]
INFO:     Application shutdown complete.
INFO:     Finished server process [99146]
INFO:     Waiting for child process [99147]
INFO:     Waiting for child process [99002]
INFO:     Stopping parent process [98953]
